[16:51:19] [Server thread/INFO]: Starting minecraft server version 1.9
[16:51:19] [Server thread/INFO]: Loading properties
[16:51:19] [Server thread/INFO]: Default game type: SURVIVAL
[16:51:20] [Server thread/INFO]: This server is running CraftBukkit version git-Spigot-87e2f47-ef13ca4 (MC: 1.9) (Implementing API version 1.9-R0.1-SNAPSHOT)
[16:51:20] [Server thread/INFO]: Debug logging is disabled
[16:51:20] [Server thread/INFO]: Server Ping Player Sample Count: 12
[16:51:20] [Server thread/INFO]: Using 4 threads for Netty based IO
[16:51:20] [Server thread/INFO]: Generating keypair
[16:51:20] [Server thread/INFO]: Starting Minecraft server on *:25565
[16:51:20] [Server thread/INFO]: Using default channel type
[16:51:20] [Server thread/INFO]: Set PluginClassLoader as parallel capable
[16:51:20] [Server thread/INFO]: [SetSpawn] Loading SetSpawn v2.1
[16:51:20] [Server thread/INFO]: [RaspberryJuice] Loading RaspberryJuice v1.7
[16:51:20] [Server thread/WARN]: **** SERVER IS RUNNING IN OFFLINE/INSECURE MODE!
[16:51:20] [Server thread/WARN]: The server will make no attempt to authenticate usernames. Beware.
[16:51:20] [Server thread/WARN]: While this makes the game possible to play without internet access, it also opens up the ability for hackers to connect with any username they choose.
[16:51:20] [Server thread/WARN]: To change this, set "online-mode" to "true" in the server.properties file.
[16:51:20] [Server thread/INFO]: **** Beginning UUID conversion, this may take A LONG time ****
[16:51:20] [Server thread/INFO]: Preparing level "world"
[16:51:20] [Server thread/INFO]: -------- World Settings For [world] --------
[16:51:20] [Server thread/INFO]: Arrow Despawn Rate: 1200
[16:51:20] [Server thread/INFO]: Allow Zombie Pigmen to spawn from portal blocks: true
[16:51:20] [Server thread/INFO]: View Distance: 10
[16:51:20] [Server thread/INFO]: Item Despawn Rate: 6000
[16:51:20] [Server thread/INFO]: Item Merge Radius: 2.5
[16:51:20] [Server thread/INFO]: Zombie Aggressive Towards Villager: true
[16:51:20] [Server thread/INFO]: Experience Merge Radius: 3.0
[16:51:20] [Server thread/INFO]: Mob Spawn Range: 4
[16:51:20] [Server thread/INFO]: Nerfing mobs spawned from spawners: false
[16:51:20] [Server thread/INFO]: Cactus Growth Modifier: 100%
[16:51:20] [Server thread/INFO]: Cane Growth Modifier: 100%
[16:51:20] [Server thread/INFO]: Melon Growth Modifier: 100%
[16:51:20] [Server thread/INFO]: Mushroom Growth Modifier: 100%
[16:51:20] [Server thread/INFO]: Pumpkin Growth Modifier: 100%
[16:51:20] [Server thread/INFO]: Sapling Growth Modifier: 100%
[16:51:20] [Server thread/INFO]: Wheat Growth Modifier: 100%
[16:51:20] [Server thread/INFO]: NetherWart Growth Modifier: 100%
[16:51:20] [Server thread/INFO]: Entity Activation Range: An 32 / Mo 32 / Mi 16
[16:51:20] [Server thread/INFO]: Entity Tracking Range: Pl 48 / An 48 / Mo 48 / Mi 32 / Other 64
[16:51:20] [Server thread/INFO]: Hopper Transfer: 8 Hopper Check: 8 Hopper Amount: 1
[16:51:20] [Server thread/INFO]: Random Lighting Updates: false
[16:51:20] [Server thread/INFO]: Structure Info Saving: true
[16:51:20] [Server thread/INFO]: Max Entity Collisions: 8
[16:51:20] [Server thread/INFO]: Custom Map Seeds:  Village: 10387312 Feature: 14357617
[16:51:20] [Server thread/INFO]: Max TNT Explosions: 100
[16:51:20] [Server thread/INFO]: Tile Max Tick Time: 50ms Entity max Tick Time: 50ms
[16:51:21] [Server thread/INFO]: -------- World Settings For [world_nether] --------
[16:51:21] [Server thread/INFO]: Arrow Despawn Rate: 1200
[16:51:21] [Server thread/INFO]: Allow Zombie Pigmen to spawn from portal blocks: true
[16:51:21] [Server thread/INFO]: View Distance: 10
[16:51:21] [Server thread/INFO]: Item Despawn Rate: 6000
[16:51:21] [Server thread/INFO]: Item Merge Radius: 2.5
[16:51:21] [Server thread/INFO]: Zombie Aggressive Towards Villager: true
[16:51:21] [Server thread/INFO]: Experience Merge Radius: 3.0
[16:51:21] [Server thread/INFO]: Mob Spawn Range: 4
[16:51:21] [Server thread/INFO]: Nerfing mobs spawned from spawners: false
[16:51:21] [Server thread/INFO]: Cactus Growth Modifier: 100%
[16:51:21] [Server thread/INFO]: Cane Growth Modifier: 100%
[16:51:21] [Server thread/INFO]: Melon Growth Modifier: 100%
[16:51:21] [Server thread/INFO]: Mushroom Growth Modifier: 100%
[16:51:21] [Server thread/INFO]: Pumpkin Growth Modifier: 100%
[16:51:21] [Server thread/INFO]: Sapling Growth Modifier: 100%
[16:51:21] [Server thread/INFO]: Wheat Growth Modifier: 100%
[16:51:21] [Server thread/INFO]: NetherWart Growth Modifier: 100%
[16:51:21] [Server thread/INFO]: Entity Activation Range: An 32 / Mo 32 / Mi 16
[16:51:21] [Server thread/INFO]: Entity Tracking Range: Pl 48 / An 48 / Mo 48 / Mi 32 / Other 64
[16:51:21] [Server thread/INFO]: Hopper Transfer: 8 Hopper Check: 8 Hopper Amount: 1
[16:51:21] [Server thread/INFO]: Random Lighting Updates: false
[16:51:21] [Server thread/INFO]: Structure Info Saving: true
[16:51:21] [Server thread/INFO]: Max Entity Collisions: 8
[16:51:21] [Server thread/INFO]: Custom Map Seeds:  Village: 10387312 Feature: 14357617
[16:51:21] [Server thread/INFO]: Max TNT Explosions: 100
[16:51:21] [Server thread/INFO]: Tile Max Tick Time: 50ms Entity max Tick Time: 50ms
[16:51:21] [Server thread/INFO]: -------- World Settings For [world_the_end] --------
[16:51:21] [Server thread/INFO]: Arrow Despawn Rate: 1200
[16:51:21] [Server thread/INFO]: Allow Zombie Pigmen to spawn from portal blocks: true
[16:51:21] [Server thread/INFO]: View Distance: 10
[16:51:21] [Server thread/INFO]: Item Despawn Rate: 6000
[16:51:21] [Server thread/INFO]: Item Merge Radius: 2.5
[16:51:21] [Server thread/INFO]: Zombie Aggressive Towards Villager: true
[16:51:21] [Server thread/INFO]: Experience Merge Radius: 3.0
[16:51:21] [Server thread/INFO]: Mob Spawn Range: 4
[16:51:21] [Server thread/INFO]: Nerfing mobs spawned from spawners: false
[16:51:21] [Server thread/INFO]: Cactus Growth Modifier: 100%
[16:51:21] [Server thread/INFO]: Cane Growth Modifier: 100%
[16:51:21] [Server thread/INFO]: Melon Growth Modifier: 100%
[16:51:21] [Server thread/INFO]: Mushroom Growth Modifier: 100%
[16:51:21] [Server thread/INFO]: Pumpkin Growth Modifier: 100%
[16:51:21] [Server thread/INFO]: Sapling Growth Modifier: 100%
[16:51:21] [Server thread/INFO]: Wheat Growth Modifier: 100%
[16:51:21] [Server thread/INFO]: NetherWart Growth Modifier: 100%
[16:51:21] [Server thread/INFO]: Entity Activation Range: An 32 / Mo 32 / Mi 16
[16:51:21] [Server thread/INFO]: Entity Tracking Range: Pl 48 / An 48 / Mo 48 / Mi 32 / Other 64
[16:51:21] [Server thread/INFO]: Hopper Transfer: 8 Hopper Check: 8 Hopper Amount: 1
[16:51:21] [Server thread/INFO]: Random Lighting Updates: false
[16:51:21] [Server thread/INFO]: Structure Info Saving: true
[16:51:21] [Server thread/INFO]: Max Entity Collisions: 8
[16:51:21] [Server thread/INFO]: Custom Map Seeds:  Village: 10387312 Feature: 14357617
[16:51:21] [Server thread/INFO]: Max TNT Explosions: 100
[16:51:21] [Server thread/INFO]: Tile Max Tick Time: 50ms Entity max Tick Time: 50ms
[16:51:21] [Server thread/INFO]: Preparing start region for level 0 (Seed: 3764839962277830329)
[16:51:22] [Server thread/INFO]: Preparing spawn area: 8%
[16:51:23] [Server thread/INFO]: Preparing spawn area: 70%
[16:51:24] [Server thread/INFO]: Preparing spawn area: 86%
[16:51:25] [Server thread/INFO]: Preparing spawn area: 92%
[16:51:26] [Server thread/INFO]: Preparing spawn area: 98%
[16:51:26] [Server thread/INFO]: Preparing start region for level 1 (Seed: -9058158981630907731)
[16:51:28] [Server thread/INFO]: Preparing spawn area: 18%
[16:51:29] [Server thread/INFO]: Preparing start region for level 2 (Seed: -9058158981630907731)
[16:51:29] [Server thread/INFO]: [SetSpawn] Enabling SetSpawn v2.1
[16:51:29] [Server thread/INFO]: [RaspberryJuice] Enabling RaspberryJuice v1.7
[16:51:29] [Server thread/INFO]: [RaspberryJuice] ThreadListener Started
[16:51:29] [Server thread/INFO]: Server permissions file permissions.yml is empty, ignoring it
[16:51:29] [Server thread/INFO]: Done (8.520s)! For help, type "help" or "?"
[16:51:38] [User Authenticator #1/INFO]: UUID of player coderkids is 6d8af903-ccab-31f7-87ec-0503cacb759f
[16:51:48] [Server thread/INFO]: coderkids[/127.0.0.1:54563] logged in with entity id 158849 at ([world]16.586602269744326, 59.0, 203.7555725383706)
[16:55:14] [Thread-4/INFO]: Stopping server
